<?xml version="1.0" encoding="UTF-8"?>
<testsuite xmlns:xsi="http://www.w3.org/2001/XMLSchema-instance" xsi:noNamespaceSchemaLocation="https://maven.apache.org/surefire/maven-surefire-plugin/xsd/surefire-test-report-3.0.xsd" version="3.0" name="app.file.LocalFileStorageServiceTest" time="0.378" tests="3" errors="0" skipped="0" failures="0">
  <properties>
[...]
</properties>
  <testcase name="storesAllowedFilesAndSanitizesFilename" classname="app.file.LocalFileStorageServiceTest" time="0.284"/>
  <testcase name="rejectsFilesLargerThanTenMegabytes" classname="app.file.LocalFileStorageServiceTest" time="0.017"/>
  <testcase name="rejectsUnsupportedFileTypes" classname="app.file.LocalFileStorageServiceTest" time="0.007"/>
</testsuite>